[0.886s] Invoking command in '/home/krishsahni/ros2_ws/src/crazyswarm2/build/crazyflie_py': AMENT_PREFIX_PATH=/home/krishsahni/ros2_ws/src/crazyswarm2/install/crazyflie_interfaces:${AMENT_PREFIX_PATH} CMAKE_PREFIX_PATH=/home/krishsahni/ros2_ws/src/crazyswarm2/install/crazyflie_interfaces LD_LIBRARY_PATH=/home/krishsahni/ros2_ws/src/crazyswarm2/install/crazyflie_interfaces/lib:${LD_LIBRARY_PATH} PYTHONPATH=/home/krishsahni/ros2_ws/src/crazyswarm2/build/crazyflie_py/prefix_override:/usr/lib/python3/dist-packages/colcon_core/task/python/colcon_distutils_commands:/home/krishsahni/ros2_ws/src/crazyswarm2/install/crazyflie_py/lib/python3.10/site-packages:/home/krishsahni/ros2_ws/src/crazyswarm2/install/crazyflie_interfaces/local/lib/python3.10/dist-packages:${PYTHONPATH} /usr/bin/python3 -W ignore:setup.py install is deprecated -W ignore:easy_install command is deprecated setup.py develop --editable --build-directory /home/krishsahni/ros2_ws/src/crazyswarm2/build/crazyflie_py/build --no-deps symlink_data
[1.073s] running develop
[1.177s] running egg_info
[1.177s] creating crazyflie_py.egg-info
[1.177s] writing crazyflie_py.egg-info/PKG-INFO
[1.177s] writing dependency_links to crazyflie_py.egg-info/dependency_links.txt
[1.178s] writing entry points to crazyflie_py.egg-info/entry_points.txt
[1.178s] writing requirements to crazyflie_py.egg-info/requires.txt
[1.178s] writing top-level names to crazyflie_py.egg-info/top_level.txt
[1.178s] writing manifest file 'crazyflie_py.egg-info/SOURCES.txt'
[1.182s] reading manifest file 'crazyflie_py.egg-info/SOURCES.txt'
[1.182s] writing manifest file 'crazyflie_py.egg-info/SOURCES.txt'
[1.183s] running build_ext
[1.183s] Creating /home/krishsahni/ros2_ws/src/crazyswarm2/install/crazyflie_py/lib/python3.10/site-packages/crazyflie-py.egg-link (link to .)
[1.184s] 
[1.184s] Installed /home/krishsahni/ros2_ws/src/crazyswarm2/build/crazyflie_py
[1.184s] running symlink_data
[1.184s] creating /home/krishsahni/ros2_ws/src/crazyswarm2/install/crazyflie_py/share/ament_index
[1.184s] creating /home/krishsahni/ros2_ws/src/crazyswarm2/install/crazyflie_py/share/ament_index/resource_index
[1.184s] creating /home/krishsahni/ros2_ws/src/crazyswarm2/install/crazyflie_py/share/ament_index/resource_index/packages
[1.185s] symbolically linking /home/krishsahni/ros2_ws/src/crazyswarm2/build/crazyflie_py/resource/crazyflie_py -> /home/krishsahni/ros2_ws/src/crazyswarm2/install/crazyflie_py/share/ament_index/resource_index/packages
[1.185s] symbolically linking /home/krishsahni/ros2_ws/src/crazyswarm2/build/crazyflie_py/package.xml -> /home/krishsahni/ros2_ws/src/crazyswarm2/install/crazyflie_py/share/crazyflie_py
[1.208s] Invoked command in '/home/krishsahni/ros2_ws/src/crazyswarm2/build/crazyflie_py' returned '0': AMENT_PREFIX_PATH=/home/krishsahni/ros2_ws/src/crazyswarm2/install/crazyflie_interfaces:${AMENT_PREFIX_PATH} CMAKE_PREFIX_PATH=/home/krishsahni/ros2_ws/src/crazyswarm2/install/crazyflie_interfaces LD_LIBRARY_PATH=/home/krishsahni/ros2_ws/src/crazyswarm2/install/crazyflie_interfaces/lib:${LD_LIBRARY_PATH} PYTHONPATH=/home/krishsahni/ros2_ws/src/crazyswarm2/build/crazyflie_py/prefix_override:/usr/lib/python3/dist-packages/colcon_core/task/python/colcon_distutils_commands:/home/krishsahni/ros2_ws/src/crazyswarm2/install/crazyflie_py/lib/python3.10/site-packages:/home/krishsahni/ros2_ws/src/crazyswarm2/install/crazyflie_interfaces/local/lib/python3.10/dist-packages:${PYTHONPATH} /usr/bin/python3 -W ignore:setup.py install is deprecated -W ignore:easy_install command is deprecated setup.py develop --editable --build-directory /home/krishsahni/ros2_ws/src/crazyswarm2/build/crazyflie_py/build --no-deps symlink_data
