[0.257s] Invoking command in '/home/krishsahni/ros2_ws/src/crazyswarm2/build/crazyflie_sim': AMENT_PREFIX_PATH=/home/krishsahni/ros2_ws/src/crazyswarm2/install/crazyflie_interfaces:${AMENT_PREFIX_PATH} CMAKE_PREFIX_PATH=/home/krishsahni/ros2_ws/src/crazyswarm2/install/crazyflie_interfaces:/opt/ros/humble LD_LIBRARY_PATH=/home/krishsahni/ros2_ws/src/crazyswarm2/install/crazyflie_interfaces/lib:${LD_LIBRARY_PATH} PYTHONPATH=/home/krishsahni/ros2_ws/src/crazyswarm2/install/crazyflie_interfaces/local/lib/python3.10/dist-packages:${PYTHONPATH} /usr/bin/cmake /home/krishsahni/ros2_ws/src/crazyswarm2/crazyflie_sim -DCMAKE_BUILD_TYPE=Release -DAMENT_CMAKE_SYMLINK_INSTALL=1 -DCMAKE_INSTALL_PREFIX=/home/krishsahni/ros2_ws/src/crazyswarm2/install/crazyflie_sim
[0.447s] -- The C compiler identification is GNU 11.4.0
[1.152s] -- The CXX compiler identification is GNU 11.4.0
[1.612s] -- Detecting C compiler ABI info
[1.762s] -- Detecting C compiler ABI info - done
[1.767s] -- Check for working C compiler: /usr/bin/cc - skipped
[1.768s] -- Detecting C compile features
[1.768s] -- Detecting C compile features - done
[1.771s] -- Detecting CXX compiler ABI info
[1.973s] -- Detecting CXX compiler ABI info - done
[1.979s] -- Check for working CXX compiler: /usr/bin/c++ - skipped
[1.979s] -- Detecting CXX compile features
[1.980s] -- Detecting CXX compile features - done
[1.981s] -- Found ament_cmake: 1.3.11 (/opt/ros/humble/share/ament_cmake/cmake)
[2.096s] -- Found Python3: /usr/bin/python3 (found version "3.10.12") found components: Interpreter 
[2.151s] -- Override CMake install command with custom implementation using symlinks instead of copying resources
[2.236s] -- Found ament_cmake_pytest: 1.3.11 (/opt/ros/humble/share/ament_cmake_pytest/cmake)
[3.089s] -- Configuring done
[3.093s] -- Generating done
[3.095s] -- Build files have been written to: /home/krishsahni/ros2_ws/src/crazyswarm2/build/crazyflie_sim
[3.098s] Invoked command in '/home/krishsahni/ros2_ws/src/crazyswarm2/build/crazyflie_sim' returned '0': AMENT_PREFIX_PATH=/home/krishsahni/ros2_ws/src/crazyswarm2/install/crazyflie_interfaces:${AMENT_PREFIX_PATH} CMAKE_PREFIX_PATH=/home/krishsahni/ros2_ws/src/crazyswarm2/install/crazyflie_interfaces:/opt/ros/humble LD_LIBRARY_PATH=/home/krishsahni/ros2_ws/src/crazyswarm2/install/crazyflie_interfaces/lib:${LD_LIBRARY_PATH} PYTHONPATH=/home/krishsahni/ros2_ws/src/crazyswarm2/install/crazyflie_interfaces/local/lib/python3.10/dist-packages:${PYTHONPATH} /usr/bin/cmake /home/krishsahni/ros2_ws/src/crazyswarm2/crazyflie_sim -DCMAKE_BUILD_TYPE=Release -DAMENT_CMAKE_SYMLINK_INSTALL=1 -DCMAKE_INSTALL_PREFIX=/home/krishsahni/ros2_ws/src/crazyswarm2/install/crazyflie_sim
[3.099s] Invoking command in '/home/krishsahni/ros2_ws/src/crazyswarm2/build/crazyflie_sim': AMENT_PREFIX_PATH=/home/krishsahni/ros2_ws/src/crazyswarm2/install/crazyflie_interfaces:${AMENT_PREFIX_PATH} CMAKE_PREFIX_PATH=/home/krishsahni/ros2_ws/src/crazyswarm2/install/crazyflie_interfaces:/opt/ros/humble LD_LIBRARY_PATH=/home/krishsahni/ros2_ws/src/crazyswarm2/install/crazyflie_interfaces/lib:${LD_LIBRARY_PATH} PYTHONPATH=/home/krishsahni/ros2_ws/src/crazyswarm2/install/crazyflie_interfaces/local/lib/python3.10/dist-packages:${PYTHONPATH} /usr/bin/cmake --build /home/krishsahni/ros2_ws/src/crazyswarm2/build/crazyflie_sim -- -j20 -l20
[3.136s] Built target ament_cmake_python_symlink_crazyflie_sim_setup
[3.137s] Built target ament_cmake_python_symlink_crazyflie_sim
[3.327s] running install_scripts
[3.329s] /usr/lib/python3/dist-packages/setuptools/command/install.py:34: SetuptoolsDeprecationWarning: setup.py install is deprecated. Use build and pip and other standards-based tools.
[3.329s]   warnings.warn(
[3.332s] running egg_info
[3.332s] creating crazyflie_sim.egg-info
[3.333s] writing crazyflie_sim.egg-info/PKG-INFO
[3.333s] writing dependency_links to crazyflie_sim.egg-info/dependency_links.txt
[3.333s] writing entry points to crazyflie_sim.egg-info/entry_points.txt
[3.333s] writing top-level names to crazyflie_sim.egg-info/top_level.txt
[3.334s] writing manifest file 'crazyflie_sim.egg-info/SOURCES.txt'
[3.335s] reading manifest file 'crazyflie_sim.egg-info/SOURCES.txt'
[3.336s] writing manifest file 'crazyflie_sim.egg-info/SOURCES.txt'
[3.349s] running egg_info
[3.350s] writing crazyflie_sim.egg-info/PKG-INFO
[3.350s] writing dependency_links to crazyflie_sim.egg-info/dependency_links.txt
[3.350s] writing entry points to crazyflie_sim.egg-info/entry_points.txt
[3.350s] writing top-level names to crazyflie_sim.egg-info/top_level.txt
[3.352s] reading manifest file 'crazyflie_sim.egg-info/SOURCES.txt'
[3.353s] writing manifest file 'crazyflie_sim.egg-info/SOURCES.txt'
[3.354s] Installing crazyflie_server script to scripts
[3.357s] Built target ament_cmake_python_build_crazyflie_sim_egg
[3.379s] Built target ament_cmake_python_build_crazyflie_sim_scripts
[3.386s] Invoked command in '/home/krishsahni/ros2_ws/src/crazyswarm2/build/crazyflie_sim' returned '0': AMENT_PREFIX_PATH=/home/krishsahni/ros2_ws/src/crazyswarm2/install/crazyflie_interfaces:${AMENT_PREFIX_PATH} CMAKE_PREFIX_PATH=/home/krishsahni/ros2_ws/src/crazyswarm2/install/crazyflie_interfaces:/opt/ros/humble LD_LIBRARY_PATH=/home/krishsahni/ros2_ws/src/crazyswarm2/install/crazyflie_interfaces/lib:${LD_LIBRARY_PATH} PYTHONPATH=/home/krishsahni/ros2_ws/src/crazyswarm2/install/crazyflie_interfaces/local/lib/python3.10/dist-packages:${PYTHONPATH} /usr/bin/cmake --build /home/krishsahni/ros2_ws/src/crazyswarm2/build/crazyflie_sim -- -j20 -l20
[3.387s] Invoking command in '/home/krishsahni/ros2_ws/src/crazyswarm2/build/crazyflie_sim': AMENT_PREFIX_PATH=/home/krishsahni/ros2_ws/src/crazyswarm2/install/crazyflie_interfaces:${AMENT_PREFIX_PATH} CMAKE_PREFIX_PATH=/home/krishsahni/ros2_ws/src/crazyswarm2/install/crazyflie_interfaces:/opt/ros/humble LD_LIBRARY_PATH=/home/krishsahni/ros2_ws/src/crazyswarm2/install/crazyflie_interfaces/lib:${LD_LIBRARY_PATH} PYTHONPATH=/home/krishsahni/ros2_ws/src/crazyswarm2/install/crazyflie_interfaces/local/lib/python3.10/dist-packages:${PYTHONPATH} /usr/bin/cmake --install /home/krishsahni/ros2_ws/src/crazyswarm2/build/crazyflie_sim
[3.392s] -- Install configuration: "Release"
[3.392s] -- Execute custom install script
[3.393s] -- Symlinking: /home/krishsahni/ros2_ws/src/crazyswarm2/install/crazyflie_sim/share/crazyflie_sim/environment/pythonpath.sh
[3.398s] -- Symlinking: /home/krishsahni/ros2_ws/src/crazyswarm2/install/crazyflie_sim/share/crazyflie_sim/environment/pythonpath.dsv
[3.404s] -- Symlinking: /home/krishsahni/ros2_ws/src/crazyswarm2/install/crazyflie_sim/local/lib/python3.10/dist-packages/crazyflie_sim-2.0.0-py3.10.egg-info/PKG-INFO
[3.410s] -- Symlinking: /home/krishsahni/ros2_ws/src/crazyswarm2/install/crazyflie_sim/local/lib/python3.10/dist-packages/crazyflie_sim-2.0.0-py3.10.egg-info/SOURCES.txt
[3.415s] -- Symlinking: /home/krishsahni/ros2_ws/src/crazyswarm2/install/crazyflie_sim/local/lib/python3.10/dist-packages/crazyflie_sim-2.0.0-py3.10.egg-info/dependency_links.txt
[3.420s] -- Symlinking: /home/krishsahni/ros2_ws/src/crazyswarm2/install/crazyflie_sim/local/lib/python3.10/dist-packages/crazyflie_sim-2.0.0-py3.10.egg-info/entry_points.txt
[3.425s] -- Symlinking: /home/krishsahni/ros2_ws/src/crazyswarm2/install/crazyflie_sim/local/lib/python3.10/dist-packages/crazyflie_sim-2.0.0-py3.10.egg-info/top_level.txt
[3.430s] -- Symlinking: /home/krishsahni/ros2_ws/src/crazyswarm2/install/crazyflie_sim/lib/crazyflie_sim//crazyflie_server
[3.439s] -- Symlinking: /home/krishsahni/ros2_ws/src/crazyswarm2/install/crazyflie_sim/local/lib/python3.10/dist-packages/crazyflie_sim/__init__.py
[3.445s] -- Symlinking: /home/krishsahni/ros2_ws/src/crazyswarm2/install/crazyflie_sim/local/lib/python3.10/dist-packages/crazyflie_sim/backend/data/dynobench/crazyflie2.yaml
[3.450s] -- Symlinking: /home/krishsahni/ros2_ws/src/crazyswarm2/install/crazyflie_sim/local/lib/python3.10/dist-packages/crazyflie_sim/backend/data/neuralswarm2/phi_G.pth
[3.455s] -- Symlinking: /home/krishsahni/ros2_ws/src/crazyswarm2/install/crazyflie_sim/local/lib/python3.10/dist-packages/crazyflie_sim/backend/data/neuralswarm2/phi_L.pth
[3.461s] -- Symlinking: /home/krishsahni/ros2_ws/src/crazyswarm2/install/crazyflie_sim/local/lib/python3.10/dist-packages/crazyflie_sim/backend/data/neuralswarm2/phi_S.pth
[3.466s] -- Symlinking: /home/krishsahni/ros2_ws/src/crazyswarm2/install/crazyflie_sim/local/lib/python3.10/dist-packages/crazyflie_sim/backend/data/neuralswarm2/rho_L.pth
[3.472s] -- Symlinking: /home/krishsahni/ros2_ws/src/crazyswarm2/install/crazyflie_sim/local/lib/python3.10/dist-packages/crazyflie_sim/backend/data/neuralswarm2/rho_S.pth
[3.480s] -- Symlinking: /home/krishsahni/ros2_ws/src/crazyswarm2/install/crazyflie_sim/local/lib/python3.10/dist-packages/crazyflie_sim/backend/data/pinocchio/crazyflie2.urdf
[3.486s] -- Symlinking: /home/krishsahni/ros2_ws/src/crazyswarm2/install/crazyflie_sim/local/lib/python3.10/dist-packages/crazyflie_sim/backend/dynobench.py
[3.494s] -- Symlinking: /home/krishsahni/ros2_ws/src/crazyswarm2/install/crazyflie_sim/local/lib/python3.10/dist-packages/crazyflie_sim/backend/neuralswarm.py
[3.500s] -- Symlinking: /home/krishsahni/ros2_ws/src/crazyswarm2/install/crazyflie_sim/local/lib/python3.10/dist-packages/crazyflie_sim/backend/none.py
[3.505s] -- Symlinking: /home/krishsahni/ros2_ws/src/crazyswarm2/install/crazyflie_sim/local/lib/python3.10/dist-packages/crazyflie_sim/backend/np.py
[3.511s] -- Symlinking: /home/krishsahni/ros2_ws/src/crazyswarm2/install/crazyflie_sim/local/lib/python3.10/dist-packages/crazyflie_sim/backend/pinocchio.py
[3.517s] -- Symlinking: /home/krishsahni/ros2_ws/src/crazyswarm2/install/crazyflie_sim/local/lib/python3.10/dist-packages/crazyflie_sim/crazyflie_server.py
[3.522s] -- Symlinking: /home/krishsahni/ros2_ws/src/crazyswarm2/install/crazyflie_sim/local/lib/python3.10/dist-packages/crazyflie_sim/crazyflie_sil.py
[3.527s] -- Symlinking: /home/krishsahni/ros2_ws/src/crazyswarm2/install/crazyflie_sim/local/lib/python3.10/dist-packages/crazyflie_sim/sim_data_types.py
[3.532s] -- Symlinking: /home/krishsahni/ros2_ws/src/crazyswarm2/install/crazyflie_sim/local/lib/python3.10/dist-packages/crazyflie_sim/visualization/README.md
[3.537s] -- Symlinking: /home/krishsahni/ros2_ws/src/crazyswarm2/install/crazyflie_sim/local/lib/python3.10/dist-packages/crazyflie_sim/visualization/blender.py
[3.542s] -- Symlinking: /home/krishsahni/ros2_ws/src/crazyswarm2/install/crazyflie_sim/local/lib/python3.10/dist-packages/crazyflie_sim/visualization/data/README.md
[3.548s] -- Symlinking: /home/krishsahni/ros2_ws/src/crazyswarm2/install/crazyflie_sim/local/lib/python3.10/dist-packages/crazyflie_sim/visualization/data/env/abandoned_greenhouse.jpg
[3.554s] -- Symlinking: /home/krishsahni/ros2_ws/src/crazyswarm2/install/crazyflie_sim/local/lib/python3.10/dist-packages/crazyflie_sim/visualization/data/env/aerodynamics_workshop.jpg
[3.561s] -- Symlinking: /home/krishsahni/ros2_ws/src/crazyswarm2/install/crazyflie_sim/local/lib/python3.10/dist-packages/crazyflie_sim/visualization/data/env/aviation_museum.jpg
[3.567s] -- Symlinking: /home/krishsahni/ros2_ws/src/crazyswarm2/install/crazyflie_sim/local/lib/python3.10/dist-packages/crazyflie_sim/visualization/data/env/crosswalk.jpg
[3.574s] -- Symlinking: /home/krishsahni/ros2_ws/src/crazyswarm2/install/crazyflie_sim/local/lib/python3.10/dist-packages/crazyflie_sim/visualization/data/env/derelict_overpass.jpg
[3.580s] -- Symlinking: /home/krishsahni/ros2_ws/src/crazyswarm2/install/crazyflie_sim/local/lib/python3.10/dist-packages/crazyflie_sim/visualization/data/env/env.jpg
[3.585s] -- Symlinking: /home/krishsahni/ros2_ws/src/crazyswarm2/install/crazyflie_sim/local/lib/python3.10/dist-packages/crazyflie_sim/visualization/data/env/lago_disola.jpg
[3.591s] -- Symlinking: /home/krishsahni/ros2_ws/src/crazyswarm2/install/crazyflie_sim/local/lib/python3.10/dist-packages/crazyflie_sim/visualization/data/env/lake_pier.jpg
[3.596s] -- Symlinking: /home/krishsahni/ros2_ws/src/crazyswarm2/install/crazyflie_sim/local/lib/python3.10/dist-packages/crazyflie_sim/visualization/data/env/machine_shop.jpg
[3.601s] -- Symlinking: /home/krishsahni/ros2_ws/src/crazyswarm2/install/crazyflie_sim/local/lib/python3.10/dist-packages/crazyflie_sim/visualization/data/env/museumplein.jpg
[3.606s] -- Symlinking: /home/krishsahni/ros2_ws/src/crazyswarm2/install/crazyflie_sim/local/lib/python3.10/dist-packages/crazyflie_sim/visualization/data/env/peppermint_powerplant.jpg
[3.611s] -- Symlinking: /home/krishsahni/ros2_ws/src/crazyswarm2/install/crazyflie_sim/local/lib/python3.10/dist-packages/crazyflie_sim/visualization/data/env/studio_garden.jpg
[3.617s] -- Symlinking: /home/krishsahni/ros2_ws/src/crazyswarm2/install/crazyflie_sim/local/lib/python3.10/dist-packages/crazyflie_sim/visualization/data/model/cf.mtl
[3.622s] -- Symlinking: /home/krishsahni/ros2_ws/src/crazyswarm2/install/crazyflie_sim/local/lib/python3.10/dist-packages/crazyflie_sim/visualization/data/model/cf.obj
[3.627s] -- Symlinking: /home/krishsahni/ros2_ws/src/crazyswarm2/install/crazyflie_sim/local/lib/python3.10/dist-packages/crazyflie_sim/visualization/pdf.py
[3.633s] -- Symlinking: /home/krishsahni/ros2_ws/src/crazyswarm2/install/crazyflie_sim/local/lib/python3.10/dist-packages/crazyflie_sim/visualization/record_states.py
[3.639s] -- Symlinking: /home/krishsahni/ros2_ws/src/crazyswarm2/install/crazyflie_sim/local/lib/python3.10/dist-packages/crazyflie_sim/visualization/rviz.py
[3.645s] -- Symlinking: /home/krishsahni/ros2_ws/src/crazyswarm2/install/crazyflie_sim/share/ament_index/resource_index/package_run_dependencies/crazyflie_sim
[3.651s] -- Symlinking: /home/krishsahni/ros2_ws/src/crazyswarm2/install/crazyflie_sim/share/ament_index/resource_index/parent_prefix_path/crazyflie_sim
[3.658s] -- Symlinking: /home/krishsahni/ros2_ws/src/crazyswarm2/install/crazyflie_sim/share/crazyflie_sim/environment/ament_prefix_path.sh
[3.663s] -- Symlinking: /home/krishsahni/ros2_ws/src/crazyswarm2/install/crazyflie_sim/share/crazyflie_sim/environment/ament_prefix_path.dsv
[3.668s] -- Symlinking: /home/krishsahni/ros2_ws/src/crazyswarm2/install/crazyflie_sim/share/crazyflie_sim/environment/path.sh
[3.673s] -- Symlinking: /home/krishsahni/ros2_ws/src/crazyswarm2/install/crazyflie_sim/share/crazyflie_sim/environment/path.dsv
[3.679s] -- Symlinking: /home/krishsahni/ros2_ws/src/crazyswarm2/install/crazyflie_sim/share/crazyflie_sim/local_setup.bash
[3.685s] -- Symlinking: /home/krishsahni/ros2_ws/src/crazyswarm2/install/crazyflie_sim/share/crazyflie_sim/local_setup.sh
[3.691s] -- Symlinking: /home/krishsahni/ros2_ws/src/crazyswarm2/install/crazyflie_sim/share/crazyflie_sim/local_setup.zsh
[3.696s] -- Symlinking: /home/krishsahni/ros2_ws/src/crazyswarm2/install/crazyflie_sim/share/crazyflie_sim/local_setup.dsv
[3.702s] -- Symlinking: /home/krishsahni/ros2_ws/src/crazyswarm2/install/crazyflie_sim/share/crazyflie_sim/package.dsv
[3.707s] -- Symlinking: /home/krishsahni/ros2_ws/src/crazyswarm2/install/crazyflie_sim/share/ament_index/resource_index/packages/crazyflie_sim
[3.712s] -- Symlinking: /home/krishsahni/ros2_ws/src/crazyswarm2/install/crazyflie_sim/share/crazyflie_sim/cmake/crazyflie_simConfig.cmake
[3.717s] -- Symlinking: /home/krishsahni/ros2_ws/src/crazyswarm2/install/crazyflie_sim/share/crazyflie_sim/cmake/crazyflie_simConfig-version.cmake
[3.723s] -- Symlinking: /home/krishsahni/ros2_ws/src/crazyswarm2/install/crazyflie_sim/share/crazyflie_sim/package.xml
[3.768s] Listing '/home/krishsahni/ros2_ws/src/crazyswarm2/install/crazyflie_sim/local/lib/python3.10/dist-packages/crazyflie_sim'...
[3.768s] Compiling '/home/krishsahni/ros2_ws/src/crazyswarm2/install/crazyflie_sim/local/lib/python3.10/dist-packages/crazyflie_sim/__init__.py'...
[3.768s] Listing '/home/krishsahni/ros2_ws/src/crazyswarm2/install/crazyflie_sim/local/lib/python3.10/dist-packages/crazyflie_sim/backend'...
[3.768s] Listing '/home/krishsahni/ros2_ws/src/crazyswarm2/install/crazyflie_sim/local/lib/python3.10/dist-packages/crazyflie_sim/backend/data'...
[3.768s] Listing '/home/krishsahni/ros2_ws/src/crazyswarm2/install/crazyflie_sim/local/lib/python3.10/dist-packages/crazyflie_sim/backend/data/dynobench'...
[3.768s] Listing '/home/krishsahni/ros2_ws/src/crazyswarm2/install/crazyflie_sim/local/lib/python3.10/dist-packages/crazyflie_sim/backend/data/neuralswarm2'...
[3.768s] Listing '/home/krishsahni/ros2_ws/src/crazyswarm2/install/crazyflie_sim/local/lib/python3.10/dist-packages/crazyflie_sim/backend/data/pinocchio'...
[3.769s] Compiling '/home/krishsahni/ros2_ws/src/crazyswarm2/install/crazyflie_sim/local/lib/python3.10/dist-packages/crazyflie_sim/backend/dynobench.py'...
[3.769s] Compiling '/home/krishsahni/ros2_ws/src/crazyswarm2/install/crazyflie_sim/local/lib/python3.10/dist-packages/crazyflie_sim/backend/neuralswarm.py'...
[3.769s] Compiling '/home/krishsahni/ros2_ws/src/crazyswarm2/install/crazyflie_sim/local/lib/python3.10/dist-packages/crazyflie_sim/backend/none.py'...
[3.769s] Compiling '/home/krishsahni/ros2_ws/src/crazyswarm2/install/crazyflie_sim/local/lib/python3.10/dist-packages/crazyflie_sim/backend/np.py'...
[3.769s] Compiling '/home/krishsahni/ros2_ws/src/crazyswarm2/install/crazyflie_sim/local/lib/python3.10/dist-packages/crazyflie_sim/backend/pinocchio.py'...
[3.769s] Compiling '/home/krishsahni/ros2_ws/src/crazyswarm2/install/crazyflie_sim/local/lib/python3.10/dist-packages/crazyflie_sim/crazyflie_server.py'...
[3.769s] Compiling '/home/krishsahni/ros2_ws/src/crazyswarm2/install/crazyflie_sim/local/lib/python3.10/dist-packages/crazyflie_sim/crazyflie_sil.py'...
[3.769s] Compiling '/home/krishsahni/ros2_ws/src/crazyswarm2/install/crazyflie_sim/local/lib/python3.10/dist-packages/crazyflie_sim/sim_data_types.py'...
[3.769s] Listing '/home/krishsahni/ros2_ws/src/crazyswarm2/install/crazyflie_sim/local/lib/python3.10/dist-packages/crazyflie_sim/visualization'...
[3.769s] Compiling '/home/krishsahni/ros2_ws/src/crazyswarm2/install/crazyflie_sim/local/lib/python3.10/dist-packages/crazyflie_sim/visualization/blender.py'...
[3.769s] Listing '/home/krishsahni/ros2_ws/src/crazyswarm2/install/crazyflie_sim/local/lib/python3.10/dist-packages/crazyflie_sim/visualization/data'...
[3.769s] Listing '/home/krishsahni/ros2_ws/src/crazyswarm2/install/crazyflie_sim/local/lib/python3.10/dist-packages/crazyflie_sim/visualization/data/env'...
[3.769s] Listing '/home/krishsahni/ros2_ws/src/crazyswarm2/install/crazyflie_sim/local/lib/python3.10/dist-packages/crazyflie_sim/visualization/data/model'...
[3.769s] Compiling '/home/krishsahni/ros2_ws/src/crazyswarm2/install/crazyflie_sim/local/lib/python3.10/dist-packages/crazyflie_sim/visualization/pdf.py'...
[3.769s] Compiling '/home/krishsahni/ros2_ws/src/crazyswarm2/install/crazyflie_sim/local/lib/python3.10/dist-packages/crazyflie_sim/visualization/record_states.py'...
[3.769s] Compiling '/home/krishsahni/ros2_ws/src/crazyswarm2/install/crazyflie_sim/local/lib/python3.10/dist-packages/crazyflie_sim/visualization/rviz.py'...
[3.774s] Invoked command in '/home/krishsahni/ros2_ws/src/crazyswarm2/build/crazyflie_sim' returned '0': AMENT_PREFIX_PATH=/home/krishsahni/ros2_ws/src/crazyswarm2/install/crazyflie_interfaces:${AMENT_PREFIX_PATH} CMAKE_PREFIX_PATH=/home/krishsahni/ros2_ws/src/crazyswarm2/install/crazyflie_interfaces:/opt/ros/humble LD_LIBRARY_PATH=/home/krishsahni/ros2_ws/src/crazyswarm2/install/crazyflie_interfaces/lib:${LD_LIBRARY_PATH} PYTHONPATH=/home/krishsahni/ros2_ws/src/crazyswarm2/install/crazyflie_interfaces/local/lib/python3.10/dist-packages:${PYTHONPATH} /usr/bin/cmake --install /home/krishsahni/ros2_ws/src/crazyswarm2/build/crazyflie_sim
